2017/09/18 17:45:29 loading corpus...
2017/09/18 17:45:30 loaded 4020 programs (4020 total, 0 deleted)
2017/09/18 17:45:30 serving http on http://202.45.128.160:10086
2017/09/18 17:45:30 serving rpc on tcp://[::]:41405
2017/09/18 17:45:30 booting test machines...
2017/09/18 17:45:30 wait for the connection from test machine...
2017/09/18 17:46:06 received first connection from test machine vm-0
2017/09/18 17:46:10 executed programs: 91, crashes: 0
2017/09/18 17:46:20 executed programs: 1897, crashes: 0
2017/09/18 17:46:30 executed programs: 3932, crashes: 0
2017/09/18 17:46:40 executed programs: 6347, crashes: 0
2017/09/18 17:46:50 executed programs: 8833, crashes: 0
2017/09/18 17:47:00 executed programs: 12370, crashes: 0
2017/09/18 17:47:10 executed programs: 15252, crashes: 0
2017/09/18 17:47:20 executed programs: 15252, crashes: 0
2017/09/18 17:47:30 executed programs: 19006, crashes: 0
2017/09/18 17:47:40 executed programs: 22888, crashes: 0
2017/09/18 17:47:50 executed programs: 26101, crashes: 0
2017/09/18 17:48:00 executed programs: 29589, crashes: 0
2017/09/18 17:48:10 executed programs: 33409, crashes: 0
2017/09/18 17:48:20 executed programs: 33409, crashes: 0
2017/09/18 17:48:30 executed programs: 37668, crashes: 0
2017/09/18 17:48:40 executed programs: 40863, crashes: 0
2017/09/18 17:48:50 executed programs: 43698, crashes: 0
2017/09/18 17:49:00 executed programs: 47895, crashes: 0
2017/09/18 17:49:10 executed programs: 51446, crashes: 0
2017/09/18 17:49:20 executed programs: 51446, crashes: 0
2017/09/18 17:49:30 executed programs: 54940, crashes: 0
2017/09/18 17:49:40 executed programs: 57898, crashes: 0
2017/09/18 17:49:50 executed programs: 60774, crashes: 0
2017/09/18 17:50:00 executed programs: 65181, crashes: 0
2017/09/18 17:50:10 executed programs: 69646, crashes: 0
2017/09/18 17:50:20 executed programs: 69646, crashes: 0
2017/09/18 17:50:30 executed programs: 73626, crashes: 0
2017/09/18 17:50:40 executed programs: 77048, crashes: 0
2017/09/18 17:50:50 executed programs: 81478, crashes: 0
2017/09/18 17:51:00 executed programs: 85634, crashes: 0
2017/09/18 17:51:10 executed programs: 89046, crashes: 0
2017/09/18 17:51:20 executed programs: 89046, crashes: 0
2017/09/18 17:51:30 executed programs: 92318, crashes: 0
2017/09/18 17:51:40 executed programs: 94949, crashes: 0
2017/09/18 17:51:50 executed programs: 96876, crashes: 0
2017/09/18 17:52:00 executed programs: 99162, crashes: 0
2017/09/18 17:52:10 executed programs: 101449, crashes: 0
2017/09/18 17:52:20 executed programs: 101449, crashes: 0
2017/09/18 17:52:27 vm-0: crash: lost connection to test machine
2017/09/18 17:52:28 reproducing crash 'hang': 317 programs, 1 VMs
2017/09/18 17:52:30 executed programs: 101449, crashes: 1
2017/09/18 17:52:40 executed programs: 101449, crashes: 1
2017/09/18 17:52:50 executed programs: 101449, crashes: 1
2017/09/18 17:53:00 executed programs: 101449, crashes: 1
2017/09/18 17:53:10 executed programs: 101449, crashes: 1
2017/09/18 17:53:20 executed programs: 101449, crashes: 1
2017/09/18 17:53:30 executed programs: 101449, crashes: 1
2017/09/18 17:53:40 executed programs: 101449, crashes: 1
2017/09/18 17:53:50 executed programs: 101449, crashes: 1
2017/09/18 17:54:00 executed programs: 101449, crashes: 1
2017/09/18 17:54:10 executed programs: 101449, crashes: 1
2017/09/18 17:54:20 executed programs: 101449, crashes: 1
2017/09/18 17:54:30 executed programs: 101449, crashes: 1
2017/09/18 17:54:40 executed programs: 101449, crashes: 1
2017/09/18 17:54:50 executed programs: 101449, crashes: 1
2017/09/18 17:55:00 executed programs: 101449, crashes: 1
2017/09/18 17:55:10 executed programs: 101449, crashes: 1
2017/09/18 17:55:20 executed programs: 101449, crashes: 1
2017/09/18 17:55:30 executed programs: 101449, crashes: 1
2017/09/18 17:55:32 shutting down...
2017/09/18 17:55:40 executed programs: 101449, crashes: 1
2017/09/18 17:55:50 executed programs: 101449, crashes: 1
2017/09/18 17:55:56 repro failed: all VMs failed to boot
2017/09/18 18:05:59 loading corpus...
2017/09/18 18:06:00 loaded 4671 programs (4671 total, 0 deleted)
2017/09/18 18:06:00 serving http on http://202.45.128.160:10086
2017/09/18 18:06:00 serving rpc on tcp://[::]:50406
2017/09/18 18:06:00 booting test machines...
2017/09/18 18:06:00 wait for the connection from test machine...
2017/09/18 18:06:34 received first connection from test machine vm-0
2017/09/18 18:06:40 executed programs: 242, crashes: 0
2017/09/18 18:06:50 executed programs: 1997, crashes: 0
2017/09/18 18:07:00 executed programs: 4015, crashes: 0
2017/09/18 18:07:10 executed programs: 6240, crashes: 0
2017/09/18 18:07:20 executed programs: 8858, crashes: 0
2017/09/18 18:07:30 executed programs: 11659, crashes: 0
2017/09/18 18:07:40 executed programs: 14604, crashes: 0
2017/09/18 18:07:50 executed programs: 17723, crashes: 0
2017/09/18 18:08:00 executed programs: 18184, crashes: 0
2017/09/18 18:08:10 executed programs: 21343, crashes: 0
2017/09/18 18:08:20 executed programs: 24902, crashes: 0
2017/09/18 18:08:30 executed programs: 28220, crashes: 0
2017/09/18 18:08:40 executed programs: 31820, crashes: 0
2017/09/18 18:08:50 executed programs: 31820, crashes: 0
2017/09/18 18:09:00 executed programs: 35257, crashes: 0
2017/09/18 18:09:10 executed programs: 38335, crashes: 0
2017/09/18 18:09:20 executed programs: 41710, crashes: 0
2017/09/18 18:09:30 executed programs: 44778, crashes: 0
2017/09/18 18:09:40 executed programs: 47917, crashes: 0
2017/09/18 18:09:50 executed programs: 47917, crashes: 0
2017/09/18 18:10:00 executed programs: 51218, crashes: 0
2017/09/18 18:10:10 executed programs: 53513, crashes: 0
2017/09/18 18:10:20 executed programs: 56649, crashes: 0
2017/09/18 18:10:30 executed programs: 60747, crashes: 0
2017/09/18 18:10:40 executed programs: 65121, crashes: 0
2017/09/18 18:10:50 executed programs: 68703, crashes: 0
2017/09/18 18:11:00 executed programs: 68703, crashes: 0
2017/09/18 18:11:10 executed programs: 71764, crashes: 0
2017/09/18 18:11:20 executed programs: 74718, crashes: 0
2017/09/18 18:11:30 executed programs: 78051, crashes: 0
2017/09/18 18:11:40 executed programs: 81256, crashes: 0
2017/09/18 18:11:50 executed programs: 84855, crashes: 0
2017/09/18 18:12:00 executed programs: 84855, crashes: 0
2017/09/18 18:12:10 executed programs: 88036, crashes: 0
2017/09/18 18:12:20 executed programs: 91219, crashes: 0
2017/09/18 18:12:30 executed programs: 94163, crashes: 0
2017/09/18 18:12:40 executed programs: 97195, crashes: 0
2017/09/18 18:12:50 executed programs: 100171, crashes: 0
2017/09/18 18:13:00 executed programs: 100171, crashes: 0
2017/09/18 18:13:10 executed programs: 103401, crashes: 0
2017/09/18 18:13:20 executed programs: 106326, crashes: 0
2017/09/18 18:13:30 executed programs: 108980, crashes: 0
2017/09/18 18:13:40 executed programs: 110676, crashes: 0
2017/09/18 18:13:50 executed programs: 113289, crashes: 0
2017/09/18 18:14:00 executed programs: 113289, crashes: 0
2017/09/18 18:14:10 executed programs: 117531, crashes: 0
2017/09/18 18:14:20 executed programs: 120635, crashes: 0
2017/09/18 18:14:30 executed programs: 123793, crashes: 0
2017/09/18 18:14:40 executed programs: 126811, crashes: 0
2017/09/18 18:14:50 executed programs: 130175, crashes: 0
2017/09/18 18:15:00 executed programs: 130175, crashes: 0
2017/09/18 18:15:10 executed programs: 133699, crashes: 0
2017/09/18 18:15:20 executed programs: 136690, crashes: 0
2017/09/18 18:15:30 executed programs: 140403, crashes: 0
2017/09/18 18:15:40 executed programs: 143665, crashes: 0
2017/09/18 18:15:50 executed programs: 146753, crashes: 0
2017/09/18 18:16:00 executed programs: 146753, crashes: 0
2017/09/18 18:16:10 executed programs: 149815, crashes: 0
2017/09/18 18:16:20 executed programs: 153094, crashes: 0
2017/09/18 18:16:30 executed programs: 156607, crashes: 0
2017/09/18 18:16:40 executed programs: 159926, crashes: 0
2017/09/18 18:16:50 executed programs: 163143, crashes: 0
2017/09/18 18:17:00 executed programs: 163143, crashes: 0
2017/09/18 18:17:10 executed programs: 166354, crashes: 0
2017/09/18 18:17:20 executed programs: 169664, crashes: 0
2017/09/18 18:17:30 executed programs: 172838, crashes: 0
2017/09/18 18:17:40 executed programs: 175838, crashes: 0
2017/09/18 18:17:50 executed programs: 178824, crashes: 0
2017/09/18 18:18:00 executed programs: 178824, crashes: 0
2017/09/18 18:18:10 executed programs: 181756, crashes: 0
2017/09/18 18:18:20 executed programs: 184579, crashes: 0
2017/09/18 18:18:30 executed programs: 187464, crashes: 0
2017/09/18 18:18:40 executed programs: 190871, crashes: 0
2017/09/18 18:18:50 executed programs: 193989, crashes: 0
2017/09/18 18:19:00 executed programs: 193989, crashes: 0
2017/09/18 18:19:10 executed programs: 197099, crashes: 0
2017/09/18 18:19:20 executed programs: 200230, crashes: 0
2017/09/18 18:19:30 executed programs: 203249, crashes: 0
2017/09/18 18:19:40 executed programs: 206019, crashes: 0
2017/09/18 18:19:50 executed programs: 209011, crashes: 0
2017/09/18 18:20:00 executed programs: 209011, crashes: 0
2017/09/18 18:20:10 executed programs: 212163, crashes: 0
2017/09/18 18:20:20 executed programs: 215190, crashes: 0
2017/09/18 18:20:30 executed programs: 218149, crashes: 0
2017/09/18 18:20:40 executed programs: 221412, crashes: 0
2017/09/18 18:20:50 executed programs: 224179, crashes: 0
2017/09/18 18:21:00 executed programs: 224179, crashes: 0
2017/09/18 18:21:10 executed programs: 227055, crashes: 0
2017/09/18 18:21:20 executed programs: 230097, crashes: 0
2017/09/18 18:21:30 executed programs: 233272, crashes: 0
2017/09/18 18:21:40 executed programs: 236424, crashes: 0
2017/09/18 18:21:50 executed programs: 239605, crashes: 0
2017/09/18 18:22:00 executed programs: 239605, crashes: 0
2017/09/18 18:22:10 executed programs: 242788, crashes: 0
2017/09/18 18:22:20 executed programs: 246015, crashes: 0
2017/09/18 18:22:30 executed programs: 249148, crashes: 0
2017/09/18 18:22:40 executed programs: 252081, crashes: 0
2017/09/18 18:22:50 executed programs: 255119, crashes: 0
2017/09/18 18:23:00 executed programs: 255119, crashes: 0
2017/09/18 18:23:10 executed programs: 258222, crashes: 0
2017/09/18 18:23:20 executed programs: 261122, crashes: 0
2017/09/18 18:23:30 executed programs: 263821, crashes: 0
2017/09/18 18:23:40 executed programs: 265887, crashes: 0
2017/09/18 18:23:50 executed programs: 268805, crashes: 0
2017/09/18 18:24:00 executed programs: 268805, crashes: 0
2017/09/18 18:24:10 executed programs: 271666, crashes: 0
2017/09/18 18:24:20 executed programs: 274651, crashes: 0
2017/09/18 18:24:30 executed programs: 277717, crashes: 0
2017/09/18 18:24:40 executed programs: 280915, crashes: 0
2017/09/18 18:24:50 executed programs: 283804, crashes: 0
2017/09/18 18:25:00 executed programs: 283804, crashes: 0
2017/09/18 18:25:10 executed programs: 286587, crashes: 0
2017/09/18 18:25:20 executed programs: 289794, crashes: 0
2017/09/18 18:25:30 executed programs: 293063, crashes: 0
2017/09/18 18:25:40 executed programs: 296027, crashes: 0
2017/09/18 18:25:50 executed programs: 298955, crashes: 0
2017/09/18 18:26:00 executed programs: 298955, crashes: 0
2017/09/18 18:26:10 executed programs: 301816, crashes: 0
2017/09/18 18:26:20 executed programs: 304796, crashes: 0
2017/09/18 18:26:30 executed programs: 307681, crashes: 0
2017/09/18 18:26:40 executed programs: 310707, crashes: 0
2017/09/18 18:26:50 executed programs: 313769, crashes: 0
2017/09/18 18:27:00 executed programs: 313769, crashes: 0
2017/09/18 18:27:10 executed programs: 316692, crashes: 0
2017/09/18 18:27:20 executed programs: 319742, crashes: 0
2017/09/18 18:27:30 executed programs: 322654, crashes: 0
2017/09/18 18:27:40 executed programs: 325627, crashes: 0
2017/09/18 18:27:50 executed programs: 328393, crashes: 0
2017/09/18 18:28:00 executed programs: 328393, crashes: 0
2017/09/18 18:28:10 executed programs: 331398, crashes: 0
2017/09/18 18:28:20 executed programs: 334420, crashes: 0
2017/09/18 18:28:30 executed programs: 337586, crashes: 0
2017/09/18 18:28:40 executed programs: 340617, crashes: 0
2017/09/18 18:28:50 executed programs: 343557, crashes: 0
2017/09/18 18:29:00 executed programs: 343557, crashes: 0
2017/09/18 18:29:10 executed programs: 346530, crashes: 0
2017/09/18 18:29:20 executed programs: 349658, crashes: 0
2017/09/18 18:29:30 executed programs: 352722, crashes: 0
2017/09/18 18:29:40 executed programs: 355675, crashes: 0
2017/09/18 18:29:50 executed programs: 358980, crashes: 0
2017/09/18 18:30:00 executed programs: 358980, crashes: 0
2017/09/18 18:30:10 executed programs: 362198, crashes: 0
2017/09/18 18:30:20 executed programs: 365308, crashes: 0
2017/09/18 18:30:30 executed programs: 368320, crashes: 0
2017/09/18 18:30:40 executed programs: 371369, crashes: 0
2017/09/18 18:30:50 executed programs: 374252, crashes: 0
2017/09/18 18:31:00 executed programs: 374252, crashes: 0
2017/09/18 18:31:10 executed programs: 377261, crashes: 0
2017/09/18 18:31:20 executed programs: 380245, crashes: 0
2017/09/18 18:31:30 executed programs: 383198, crashes: 0
2017/09/18 18:31:40 executed programs: 386343, crashes: 0
2017/09/18 18:31:50 executed programs: 389595, crashes: 0
2017/09/18 18:32:00 executed programs: 389595, crashes: 0
2017/09/18 18:32:10 executed programs: 392802, crashes: 0
2017/09/18 18:32:20 executed programs: 395723, crashes: 0
2017/09/18 18:32:30 executed programs: 398744, crashes: 0
2017/09/18 18:32:40 executed programs: 402409, crashes: 0
2017/09/18 18:32:50 executed programs: 405532, crashes: 0
2017/09/18 18:33:00 executed programs: 405532, crashes: 0
2017/09/18 18:33:10 executed programs: 408772, crashes: 0
2017/09/18 18:33:20 executed programs: 411973, crashes: 0
2017/09/18 18:33:30 executed programs: 415123, crashes: 0
2017/09/18 18:33:40 executed programs: 418454, crashes: 0
2017/09/18 18:33:50 executed programs: 421604, crashes: 0
2017/09/18 18:34:00 executed programs: 421604, crashes: 0
2017/09/18 18:34:10 executed programs: 424617, crashes: 0
2017/09/18 18:34:20 executed programs: 427638, crashes: 0
2017/09/18 18:34:30 executed programs: 430812, crashes: 0
2017/09/18 18:34:40 executed programs: 433785, crashes: 0
2017/09/18 18:34:50 executed programs: 436944, crashes: 0
2017/09/18 18:35:00 executed programs: 436944, crashes: 0
2017/09/18 18:35:10 executed programs: 440130, crashes: 0
2017/09/18 18:35:20 executed programs: 442947, crashes: 0
2017/09/18 18:35:30 executed programs: 446525, crashes: 0
2017/09/18 18:35:40 executed programs: 449481, crashes: 0
2017/09/18 18:35:50 executed programs: 452677, crashes: 0
2017/09/18 18:36:00 executed programs: 452677, crashes: 0
2017/09/18 18:36:10 executed programs: 455922, crashes: 0
2017/09/18 18:36:20 executed programs: 457952, crashes: 0
2017/09/18 18:36:30 executed programs: 461182, crashes: 0
2017/09/18 18:36:40 executed programs: 461182, crashes: 0
2017/09/18 18:36:50 executed programs: 461182, crashes: 0
2017/09/18 18:37:00 executed programs: 461182, crashes: 0
2017/09/18 18:37:10 executed programs: 461182, crashes: 0
2017/09/18 18:37:20 executed programs: 461182, crashes: 0
2017/09/18 18:37:30 executed programs: 461186, crashes: 0
2017/09/18 18:37:40 executed programs: 461186, crashes: 0
2017/09/18 18:37:49 vm-0: crash: lost connection to test machine
2017/09/18 18:37:49 reproducing crash 'hang': 568 programs, 1 VMs
2017/09/18 18:37:50 executed programs: 461186, crashes: 1
2017/09/18 18:38:00 executed programs: 461186, crashes: 1
2017/09/18 18:38:10 executed programs: 461186, crashes: 1
2017/09/18 18:38:20 executed programs: 461186, crashes: 1
2017/09/18 18:38:30 executed programs: 461186, crashes: 1
2017/09/18 18:38:40 executed programs: 461186, crashes: 1
2017/09/18 18:38:50 executed programs: 461186, crashes: 1
2017/09/18 18:39:00 executed programs: 461186, crashes: 1
2017/09/18 18:39:10 executed programs: 461186, crashes: 1
2017/09/18 18:39:20 executed programs: 461186, crashes: 1
2017/09/18 18:39:30 executed programs: 461186, crashes: 1
2017/09/18 18:39:40 executed programs: 461186, crashes: 1
2017/09/18 18:39:50 executed programs: 461186, crashes: 1
2017/09/18 18:40:00 executed programs: 461186, crashes: 1
2017/09/18 18:40:10 executed programs: 461186, crashes: 1
2017/09/18 18:40:20 executed programs: 461186, crashes: 1
2017/09/18 18:40:30 executed programs: 461186, crashes: 1
2017/09/18 18:40:40 executed programs: 461186, crashes: 1
2017/09/18 18:40:50 executed programs: 461186, crashes: 1
2017/09/18 18:41:00 executed programs: 461186, crashes: 1
2017/09/18 18:41:10 executed programs: 461186, crashes: 1
2017/09/18 18:41:20 executed programs: 461186, crashes: 1
2017/09/18 18:41:30 executed programs: 461186, crashes: 1
2017/09/18 18:41:40 executed programs: 461186, crashes: 1
2017/09/18 18:41:50 executed programs: 461186, crashes: 1
2017/09/18 18:42:00 executed programs: 461186, crashes: 1
2017/09/18 18:42:10 executed programs: 461186, crashes: 1
2017/09/18 18:42:20 executed programs: 461186, crashes: 1
2017/09/18 18:42:30 executed programs: 461186, crashes: 1
2017/09/18 18:42:40 executed programs: 461186, crashes: 1
2017/09/18 18:42:50 executed programs: 461186, crashes: 1
2017/09/18 18:43:00 executed programs: 461186, crashes: 1
2017/09/18 18:43:10 executed programs: 461186, crashes: 1
2017/09/18 18:43:20 executed programs: 461186, crashes: 1
2017/09/18 18:43:30 executed programs: 461186, crashes: 1
2017/09/18 18:43:40 executed programs: 461186, crashes: 1
2017/09/18 18:43:50 executed programs: 461186, crashes: 1
2017/09/18 18:44:00 executed programs: 461186, crashes: 1
2017/09/18 18:44:10 executed programs: 461186, crashes: 1
2017/09/18 18:44:20 executed programs: 461186, crashes: 1
2017/09/18 18:44:30 executed programs: 461186, crashes: 1
2017/09/18 18:44:40 executed programs: 461186, crashes: 1
2017/09/18 18:44:50 executed programs: 461186, crashes: 1
2017/09/18 18:45:00 executed programs: 461186, crashes: 1
2017/09/18 18:45:10 executed programs: 461186, crashes: 1
2017/09/18 18:45:20 executed programs: 461186, crashes: 1
2017/09/18 18:45:30 executed programs: 461186, crashes: 1
2017/09/18 18:45:40 executed programs: 461186, crashes: 1
2017/09/18 18:45:50 executed programs: 461186, crashes: 1
2017/09/18 18:46:00 executed programs: 461186, crashes: 1
2017/09/18 18:46:10 executed programs: 461186, crashes: 1
2017/09/18 18:46:20 executed programs: 461186, crashes: 1
2017/09/18 18:46:30 executed programs: 461186, crashes: 1
2017/09/18 18:46:40 executed programs: 461186, crashes: 1
2017/09/18 18:46:50 executed programs: 461186, crashes: 1
2017/09/18 18:47:00 executed programs: 461186, crashes: 1
2017/09/18 18:47:10 executed programs: 461186, crashes: 1
2017/09/18 18:47:20 executed programs: 461186, crashes: 1
2017/09/18 18:47:30 executed programs: 461186, crashes: 1
2017/09/18 18:47:40 executed programs: 461186, crashes: 1
2017/09/18 18:47:50 executed programs: 461186, crashes: 1
2017/09/18 18:48:00 executed programs: 461186, crashes: 1
2017/09/18 18:48:10 executed programs: 461186, crashes: 1
2017/09/18 18:48:20 executed programs: 461186, crashes: 1
2017/09/18 18:48:30 executed programs: 461186, crashes: 1
2017/09/18 18:48:40 executed programs: 461186, crashes: 1
2017/09/18 18:48:50 executed programs: 461186, crashes: 1
2017/09/18 18:49:00 executed programs: 461186, crashes: 1
2017/09/18 18:49:10 executed programs: 461186, crashes: 1
2017/09/18 18:49:20 executed programs: 461186, crashes: 1
2017/09/18 18:49:30 executed programs: 461186, crashes: 1
2017/09/18 18:49:40 executed programs: 461186, crashes: 1
2017/09/18 18:49:50 executed programs: 461186, crashes: 1
2017/09/18 18:50:00 executed programs: 461186, crashes: 1
2017/09/18 18:50:10 executed programs: 461186, crashes: 1
2017/09/18 18:50:20 executed programs: 461186, crashes: 1
2017/09/18 18:50:30 executed programs: 461186, crashes: 1
2017/09/18 18:50:40 executed programs: 461186, crashes: 1
2017/09/18 18:50:50 executed programs: 461186, crashes: 1
2017/09/18 18:51:00 executed programs: 461186, crashes: 1
2017/09/18 18:51:10 executed programs: 461186, crashes: 1
2017/09/18 18:51:15 shutting down...
2017/09/18 18:51:15 repro failed: all VMs failed to boot
2017/09/18 18:51:18 loading corpus...
2017/09/18 18:51:19 loaded 3586 programs (3586 total, 0 deleted)
2017/09/18 18:51:19 serving http on http://202.45.128.160:10086
2017/09/18 18:51:19 serving rpc on tcp://[::]:40320
2017/09/18 18:51:19 booting test machines...
2017/09/18 18:51:19 wait for the connection from test machine...
2017/09/18 18:51:53 received first connection from test machine vm-0
2017/09/18 18:51:59 executed programs: 336, crashes: 0
2017/09/18 18:52:09 executed programs: 1939, crashes: 0
2017/09/18 18:52:19 executed programs: 3728, crashes: 0
2017/09/18 18:52:29 executed programs: 5727, crashes: 0
2017/09/18 18:52:39 executed programs: 7782, crashes: 0
2017/09/18 18:52:49 executed programs: 10227, crashes: 0
2017/09/18 18:52:59 executed programs: 13168, crashes: 0
2017/09/18 18:53:09 executed programs: 15001, crashes: 0
2017/09/18 18:53:19 executed programs: 17374, crashes: 0
2017/09/18 18:53:29 executed programs: 17374, crashes: 0
2017/09/18 18:53:39 executed programs: 20057, crashes: 0
2017/09/18 18:53:49 executed programs: 22910, crashes: 0
2017/09/18 18:53:59 executed programs: 25816, crashes: 0
2017/09/18 18:54:09 executed programs: 28150, crashes: 0
2017/09/18 18:54:19 executed programs: 30830, crashes: 0
2017/09/18 18:54:29 executed programs: 30830, crashes: 0
2017/09/18 18:54:39 executed programs: 33681, crashes: 0
2017/09/18 18:54:49 executed programs: 36619, crashes: 0
2017/09/18 18:54:59 executed programs: 39660, crashes: 0
2017/09/18 18:55:09 executed programs: 42439, crashes: 0
2017/09/18 18:55:19 executed programs: 45343, crashes: 0
2017/09/18 18:55:29 executed programs: 45343, crashes: 0
2017/09/18 18:55:39 executed programs: 48419, crashes: 0
2017/09/18 18:55:49 executed programs: 51410, crashes: 0
2017/09/18 18:55:59 executed programs: 54470, crashes: 0
2017/09/18 18:56:09 executed programs: 57143, crashes: 0
2017/09/18 18:56:19 executed programs: 59937, crashes: 0
2017/09/18 18:56:29 executed programs: 59937, crashes: 0
2017/09/18 18:56:39 executed programs: 59937, crashes: 0
2017/09/18 18:56:39 vm-0: crash: lost connection to test machine
2017/09/18 18:56:49 executed programs: 59937, crashes: 1
2017/09/18 18:56:59 executed programs: 59937, crashes: 1
2017/09/18 18:57:09 executed programs: 59937, crashes: 1
2017/09/18 18:57:19 executed programs: 59937, crashes: 1
2017/09/18 18:57:29 executed programs: 59940, crashes: 1
2017/09/18 18:57:39 executed programs: 63097, crashes: 1
2017/09/18 18:57:49 executed programs: 66044, crashes: 1
2017/09/18 18:57:59 executed programs: 69128, crashes: 1
2017/09/18 18:58:09 executed programs: 72337, crashes: 1
2017/09/18 18:58:19 executed programs: 72337, crashes: 1
2017/09/18 18:58:29 executed programs: 75306, crashes: 1
2017/09/18 18:58:39 executed programs: 77721, crashes: 1
2017/09/18 18:58:49 executed programs: 80492, crashes: 1
2017/09/18 18:58:59 executed programs: 83777, crashes: 1
2017/09/18 18:59:09 executed programs: 86833, crashes: 1
2017/09/18 18:59:19 executed programs: 86833, crashes: 1
2017/09/18 18:59:29 executed programs: 89878, crashes: 1
2017/09/18 18:59:39 executed programs: 92733, crashes: 1
2017/09/18 18:59:49 executed programs: 95617, crashes: 1
2017/09/18 18:59:59 executed programs: 98710, crashes: 1
2017/09/18 19:00:09 executed programs: 101824, crashes: 1
2017/09/18 19:00:19 executed programs: 101824, crashes: 1
2017/09/18 19:00:29 executed programs: 104097, crashes: 1
2017/09/18 19:00:39 executed programs: 106667, crashes: 1
2017/09/18 19:00:49 executed programs: 109767, crashes: 1
2017/09/18 19:00:59 executed programs: 112432, crashes: 1
2017/09/18 19:01:09 executed programs: 115197, crashes: 1
2017/09/18 19:01:19 executed programs: 115197, crashes: 1
2017/09/18 19:01:29 executed programs: 118089, crashes: 1
2017/09/18 19:01:39 executed programs: 120794, crashes: 1
2017/09/18 19:01:49 executed programs: 123709, crashes: 1
2017/09/18 19:01:59 executed programs: 126517, crashes: 1
2017/09/18 19:02:09 executed programs: 129514, crashes: 1
2017/09/18 19:02:19 executed programs: 129514, crashes: 1
2017/09/18 19:02:29 executed programs: 132213, crashes: 1
2017/09/18 19:02:39 executed programs: 135053, crashes: 1
2017/09/18 19:02:49 executed programs: 137899, crashes: 1
2017/09/18 19:02:59 executed programs: 140730, crashes: 1
2017/09/18 19:03:09 executed programs: 143292, crashes: 1
2017/09/18 19:03:19 executed programs: 143292, crashes: 1
2017/09/18 19:03:29 executed programs: 145776, crashes: 1
2017/09/18 19:03:39 executed programs: 148299, crashes: 1
2017/09/18 19:03:49 executed programs: 151459, crashes: 1
2017/09/18 19:03:59 executed programs: 154311, crashes: 1
2017/09/18 19:04:09 executed programs: 157290, crashes: 1
2017/09/18 19:04:19 executed programs: 157290, crashes: 1
2017/09/18 19:04:29 executed programs: 160106, crashes: 1
2017/09/18 19:04:39 executed programs: 162908, crashes: 1
2017/09/18 19:04:49 executed programs: 162908, crashes: 1
2017/09/18 19:04:59 executed programs: 162908, crashes: 1
2017/09/18 19:05:09 executed programs: 162908, crashes: 1
2017/09/18 19:05:19 executed programs: 162911, crashes: 1
2017/09/18 19:05:29 executed programs: 165839, crashes: 1
2017/09/18 19:05:39 executed programs: 165839, crashes: 1
2017/09/18 19:05:49 executed programs: 168949, crashes: 1
2017/09/18 19:05:59 executed programs: 171691, crashes: 1
2017/09/18 19:06:09 executed programs: 174309, crashes: 1
2017/09/18 19:06:19 executed programs: 177197, crashes: 1
2017/09/18 19:06:29 executed programs: 180115, crashes: 1
2017/09/18 19:06:39 executed programs: 180115, crashes: 1
2017/09/18 19:06:49 executed programs: 182938, crashes: 1
2017/09/18 19:06:59 executed programs: 185823, crashes: 1
2017/09/18 19:07:09 executed programs: 188600, crashes: 1
2017/09/18 19:07:19 executed programs: 191385, crashes: 1
2017/09/18 19:07:29 executed programs: 194319, crashes: 1
2017/09/18 19:07:39 executed programs: 194319, crashes: 1
2017/09/18 19:07:49 executed programs: 197526, crashes: 1
2017/09/18 19:07:59 executed programs: 200581, crashes: 1
2017/09/18 19:08:09 executed programs: 203184, crashes: 1
2017/09/18 19:08:19 executed programs: 205962, crashes: 1
2017/09/18 19:08:29 executed programs: 208624, crashes: 1
2017/09/18 19:08:39 executed programs: 208624, crashes: 1
2017/09/18 19:08:49 executed programs: 211306, crashes: 1
2017/09/18 19:08:59 executed programs: 214014, crashes: 1
2017/09/18 19:09:09 executed programs: 216815, crashes: 1
2017/09/18 19:09:19 executed programs: 219538, crashes: 1
2017/09/18 19:09:29 executed programs: 222419, crashes: 1
2017/09/18 19:09:39 executed programs: 222419, crashes: 1
2017/09/18 19:09:49 executed programs: 225177, crashes: 1
2017/09/18 19:09:59 executed programs: 227922, crashes: 1
2017/09/18 19:10:09 executed programs: 230943, crashes: 1
2017/09/18 19:10:19 executed programs: 233875, crashes: 1
2017/09/18 19:10:29 executed programs: 233875, crashes: 1
2017/09/18 19:10:32 vm-0: crash: lost connection to test machine
2017/09/18 19:10:39 executed programs: 233875, crashes: 2
2017/09/18 19:10:49 executed programs: 233875, crashes: 2
2017/09/18 19:10:59 executed programs: 233875, crashes: 2
2017/09/18 19:11:09 executed programs: 233878, crashes: 2
2017/09/18 19:11:19 executed programs: 237022, crashes: 2
2017/09/18 19:11:29 executed programs: 240087, crashes: 2
2017/09/18 19:11:39 executed programs: 243036, crashes: 2
2017/09/18 19:11:49 executed programs: 245979, crashes: 2
2017/09/18 19:11:59 executed programs: 245979, crashes: 2
2017/09/18 19:12:09 executed programs: 248818, crashes: 2
2017/09/18 19:12:19 executed programs: 251568, crashes: 2
2017/09/18 19:12:29 executed programs: 254402, crashes: 2
2017/09/18 19:12:39 executed programs: 257321, crashes: 2
2017/09/18 19:12:49 executed programs: 260039, crashes: 2
2017/09/18 19:12:59 executed programs: 260039, crashes: 2
2017/09/18 19:13:09 executed programs: 262898, crashes: 2
2017/09/18 19:13:19 executed programs: 265763, crashes: 2
2017/09/18 19:13:29 executed programs: 268609, crashes: 2
2017/09/18 19:13:39 executed programs: 270860, crashes: 2
2017/09/18 19:13:49 executed programs: 272949, crashes: 2
2017/09/18 19:13:59 executed programs: 272949, crashes: 2
2017/09/18 19:14:09 executed programs: 275830, crashes: 2
2017/09/18 19:14:19 executed programs: 278544, crashes: 2
2017/09/18 19:14:29 executed programs: 281301, crashes: 2
2017/09/18 19:14:39 executed programs: 284223, crashes: 2
2017/09/18 19:14:49 executed programs: 287760, crashes: 2
2017/09/18 19:14:59 executed programs: 287760, crashes: 2
2017/09/18 19:15:09 executed programs: 290500, crashes: 2
2017/09/18 19:15:19 executed programs: 293295, crashes: 2
2017/09/18 19:15:29 executed programs: 296115, crashes: 2
2017/09/18 19:15:39 executed programs: 298958, crashes: 2
2017/09/18 19:15:49 executed programs: 301772, crashes: 2
2017/09/18 19:15:59 executed programs: 301772, crashes: 2
2017/09/18 19:16:09 executed programs: 304380, crashes: 2
2017/09/18 19:16:19 executed programs: 307151, crashes: 2
2017/09/18 19:16:29 executed programs: 310014, crashes: 2
2017/09/18 19:16:39 executed programs: 312956, crashes: 2
2017/09/18 19:16:49 executed programs: 315552, crashes: 2
2017/09/18 19:16:59 executed programs: 315552, crashes: 2
2017/09/18 19:17:09 executed programs: 318543, crashes: 2
2017/09/18 19:17:19 executed programs: 321509, crashes: 2
2017/09/18 19:17:29 executed programs: 323791, crashes: 2
2017/09/18 19:17:39 executed programs: 326626, crashes: 2
2017/09/18 19:17:40 shutting down...
2017/09/18 19:18:46 loading corpus...
2017/09/18 19:18:47 loaded 3203 programs (3203 total, 0 deleted)
2017/09/18 19:18:47 serving http on http://202.45.128.160:10086
2017/09/18 19:18:47 serving rpc on tcp://[::]:55287
2017/09/18 19:18:47 booting test machines...
2017/09/18 19:18:47 wait for the connection from test machine...
2017/09/18 19:19:10 received first connection from test machine vm-0
2017/09/18 19:19:17 executed programs: 530, crashes: 0
2017/09/18 19:19:27 executed programs: 2206, crashes: 0
2017/09/18 19:19:37 executed programs: 3985, crashes: 0
2017/09/18 19:19:47 executed programs: 5770, crashes: 0
2017/09/18 19:19:57 executed programs: 7667, crashes: 0
2017/09/18 19:20:07 executed programs: 9897, crashes: 0
2017/09/18 19:20:17 executed programs: 11608, crashes: 0
2017/09/18 19:20:27 executed programs: 14107, crashes: 0
2017/09/18 19:20:37 executed programs: 17537, crashes: 0
2017/09/18 19:20:47 executed programs: 17537, crashes: 0
2017/09/18 19:20:57 executed programs: 20368, crashes: 0
2017/09/18 19:21:07 executed programs: 23195, crashes: 0
2017/09/18 19:21:17 executed programs: 26232, crashes: 0
2017/09/18 19:21:27 executed programs: 28944, crashes: 0
2017/09/18 19:21:37 executed programs: 32106, crashes: 0
2017/09/18 19:21:47 executed programs: 32106, crashes: 0
2017/09/18 19:21:57 executed programs: 34718, crashes: 0
2017/09/18 19:22:07 executed programs: 37134, crashes: 0
2017/09/18 19:22:17 executed programs: 39199, crashes: 0
2017/09/18 19:22:27 executed programs: 42137, crashes: 0
2017/09/18 19:22:37 executed programs: 45239, crashes: 0
2017/09/18 19:22:47 executed programs: 45239, crashes: 0
2017/09/18 19:22:57 executed programs: 47851, crashes: 0
2017/09/18 19:23:07 executed programs: 50500, crashes: 0
2017/09/18 19:23:17 executed programs: 53125, crashes: 0
2017/09/18 19:23:27 executed programs: 55832, crashes: 0
2017/09/18 19:23:37 executed programs: 58439, crashes: 0
2017/09/18 19:23:47 executed programs: 58439, crashes: 0
2017/09/18 19:23:57 executed programs: 61020, crashes: 0
2017/09/18 19:24:07 executed programs: 63591, crashes: 0
2017/09/18 19:24:17 executed programs: 66358, crashes: 0
2017/09/18 19:24:27 executed programs: 69090, crashes: 0
2017/09/18 19:24:37 executed programs: 70596, crashes: 0
2017/09/18 19:24:47 executed programs: 70596, crashes: 0
2017/09/18 19:24:57 executed programs: 72161, crashes: 0
2017/09/18 19:25:07 executed programs: 75231, crashes: 0
2017/09/18 19:25:17 executed programs: 78075, crashes: 0
2017/09/18 19:25:27 executed programs: 80817, crashes: 0
2017/09/18 19:25:37 executed programs: 83562, crashes: 0
2017/09/18 19:25:47 executed programs: 83562, crashes: 0
2017/09/18 19:25:57 executed programs: 86390, crashes: 0
2017/09/18 19:26:07 executed programs: 89038, crashes: 0
2017/09/18 19:26:17 executed programs: 91777, crashes: 0
2017/09/18 19:26:27 executed programs: 94608, crashes: 0
2017/09/18 19:26:37 executed programs: 97509, crashes: 0
2017/09/18 19:26:47 executed programs: 97509, crashes: 0
2017/09/18 19:26:57 executed programs: 100444, crashes: 0
2017/09/18 19:27:07 executed programs: 103159, crashes: 0
2017/09/18 19:27:17 executed programs: 105827, crashes: 0
2017/09/18 19:27:27 executed programs: 108572, crashes: 0
2017/09/18 19:27:37 executed programs: 111121, crashes: 0
2017/09/18 19:27:47 executed programs: 111121, crashes: 0
2017/09/18 19:27:57 executed programs: 113846, crashes: 0
2017/09/18 19:28:07 executed programs: 116717, crashes: 0
2017/09/18 19:28:17 executed programs: 119475, crashes: 0
2017/09/18 19:28:27 executed programs: 122012, crashes: 0
2017/09/18 19:28:37 executed programs: 124385, crashes: 0
2017/09/18 19:28:47 executed programs: 124385, crashes: 0
2017/09/18 19:28:57 executed programs: 127119, crashes: 0
2017/09/18 19:29:07 executed programs: 128507, crashes: 0
2017/09/18 19:29:17 executed programs: 129853, crashes: 0
2017/09/18 19:29:27 executed programs: 131208, crashes: 0
2017/09/18 19:29:37 executed programs: 132588, crashes: 0
2017/09/18 19:29:47 executed programs: 132588, crashes: 0
2017/09/18 19:29:57 executed programs: 133945, crashes: 0
2017/09/18 19:30:07 executed programs: 135332, crashes: 0
2017/09/18 19:30:17 executed programs: 136728, crashes: 0
2017/09/18 19:30:27 executed programs: 138096, crashes: 0
2017/09/18 19:30:37 executed programs: 139431, crashes: 0
2017/09/18 19:30:47 executed programs: 139431, crashes: 0
2017/09/18 19:30:57 executed programs: 140826, crashes: 0
2017/09/18 19:31:07 executed programs: 142236, crashes: 0
2017/09/18 19:31:17 executed programs: 143642, crashes: 0
2017/09/18 19:31:27 executed programs: 145067, crashes: 0
2017/09/18 19:31:37 executed programs: 146410, crashes: 0
2017/09/18 19:31:47 executed programs: 146410, crashes: 0
2017/09/18 19:31:57 executed programs: 147745, crashes: 0
2017/09/18 19:32:07 executed programs: 149123, crashes: 0
2017/09/18 19:32:17 executed programs: 150510, crashes: 0
2017/09/18 19:32:27 executed programs: 151951, crashes: 0
2017/09/18 19:32:37 executed programs: 153371, crashes: 0
2017/09/18 19:32:47 executed programs: 153371, crashes: 0
2017/09/18 19:32:57 executed programs: 154837, crashes: 0
2017/09/18 19:33:07 executed programs: 156223, crashes: 0
2017/09/18 19:33:17 executed programs: 157653, crashes: 0
2017/09/18 19:33:27 executed programs: 159013, crashes: 0
2017/09/18 19:33:37 executed programs: 160435, crashes: 0
2017/09/18 19:33:47 executed programs: 160435, crashes: 0
2017/09/18 19:33:57 executed programs: 161819, crashes: 0
2017/09/18 19:34:07 executed programs: 163238, crashes: 0
2017/09/18 19:34:17 executed programs: 164647, crashes: 0
2017/09/18 19:34:27 executed programs: 166079, crashes: 0
2017/09/18 19:34:37 executed programs: 167467, crashes: 0
2017/09/18 19:34:47 executed programs: 167467, crashes: 0
2017/09/18 19:34:57 executed programs: 168832, crashes: 0
2017/09/18 19:35:07 executed programs: 170301, crashes: 0
2017/09/18 19:35:17 executed programs: 171743, crashes: 0
2017/09/18 19:35:27 executed programs: 173193, crashes: 0
2017/09/18 19:35:37 executed programs: 174554, crashes: 0
2017/09/18 19:35:47 executed programs: 174554, crashes: 0
2017/09/18 19:35:57 executed programs: 175913, crashes: 0
2017/09/18 19:36:07 executed programs: 177354, crashes: 0
2017/09/18 19:36:17 executed programs: 178729, crashes: 0
2017/09/18 19:36:27 executed programs: 180165, crashes: 0
2017/09/18 19:36:37 executed programs: 181498, crashes: 0
2017/09/18 19:36:47 executed programs: 181498, crashes: 0
2017/09/18 19:36:57 executed programs: 182366, crashes: 0
2017/09/18 19:37:07 executed programs: 183504, crashes: 0
2017/09/18 19:37:17 executed programs: 184969, crashes: 0
2017/09/18 19:37:27 executed programs: 186407, crashes: 0
2017/09/18 19:37:37 executed programs: 187845, crashes: 0
2017/09/18 19:37:47 executed programs: 187845, crashes: 0
2017/09/18 19:37:57 executed programs: 189258, crashes: 0
2017/09/18 19:38:07 executed programs: 190692, crashes: 0
2017/09/18 19:38:17 executed programs: 192134, crashes: 0
2017/09/18 19:38:27 executed programs: 193596, crashes: 0
2017/09/18 19:38:37 executed programs: 195085, crashes: 0
2017/09/18 19:38:47 executed programs: 195085, crashes: 0
2017/09/18 19:38:57 executed programs: 196569, crashes: 0
2017/09/18 19:39:07 executed programs: 198042, crashes: 0
2017/09/18 19:39:17 executed programs: 199466, crashes: 0
2017/09/18 19:39:27 executed programs: 200901, crashes: 0
2017/09/18 19:39:37 executed programs: 202316, crashes: 0
2017/09/18 19:39:47 executed programs: 202316, crashes: 0
2017/09/18 19:39:57 executed programs: 203737, crashes: 0
2017/09/18 19:40:07 executed programs: 205152, crashes: 0
2017/09/18 19:40:17 executed programs: 206613, crashes: 0
2017/09/18 19:40:27 executed programs: 208041, crashes: 0
2017/09/18 19:40:37 executed programs: 209488, crashes: 0
2017/09/18 19:40:47 executed programs: 209488, crashes: 0
2017/09/18 19:40:57 executed programs: 211259, crashes: 0
2017/09/18 19:41:07 executed programs: 213834, crashes: 0
2017/09/18 19:41:17 executed programs: 216515, crashes: 0
2017/09/18 19:41:27 executed programs: 219230, crashes: 0
2017/09/18 19:41:37 executed programs: 221773, crashes: 0
2017/09/18 19:41:47 executed programs: 221773, crashes: 0
2017/09/18 19:41:57 executed programs: 224615, crashes: 0
2017/09/18 19:42:07 executed programs: 227353, crashes: 0
2017/09/18 19:42:17 executed programs: 230165, crashes: 0
2017/09/18 19:42:27 executed programs: 232872, crashes: 0
2017/09/18 19:42:37 executed programs: 235704, crashes: 0
2017/09/18 19:42:47 executed programs: 235704, crashes: 0
2017/09/18 19:42:57 executed programs: 238452, crashes: 0
2017/09/18 19:43:07 executed programs: 241107, crashes: 0
2017/09/18 19:43:17 executed programs: 243271, crashes: 0
2017/09/18 19:43:27 executed programs: 245318, crashes: 0
2017/09/18 19:43:37 executed programs: 247787, crashes: 0
2017/09/18 19:43:47 executed programs: 247787, crashes: 0
2017/09/18 19:43:57 executed programs: 250244, crashes: 0
2017/09/18 19:44:07 executed programs: 252845, crashes: 0
2017/09/18 19:44:17 executed programs: 254693, crashes: 0
2017/09/18 19:44:27 executed programs: 257433, crashes: 0
2017/09/18 19:44:37 executed programs: 260153, crashes: 0
2017/09/18 19:44:47 executed programs: 260153, crashes: 0
2017/09/18 19:44:57 executed programs: 262864, crashes: 0
2017/09/18 19:45:07 executed programs: 265646, crashes: 0
2017/09/18 19:45:17 executed programs: 268186, crashes: 0
2017/09/18 19:45:27 executed programs: 270798, crashes: 0
2017/09/18 19:45:37 executed programs: 273375, crashes: 0
2017/09/18 19:45:47 executed programs: 273375, crashes: 0
2017/09/18 19:45:57 executed programs: 276180, crashes: 0
2017/09/18 19:46:07 executed programs: 279073, crashes: 0
2017/09/18 19:46:17 executed programs: 281704, crashes: 0
2017/09/18 19:46:27 executed programs: 284515, crashes: 0
2017/09/18 19:46:37 executed programs: 287215, crashes: 0
2017/09/18 19:46:47 executed programs: 287215, crashes: 0
2017/09/18 19:46:57 executed programs: 289944, crashes: 0
2017/09/18 19:47:07 executed programs: 292494, crashes: 0
2017/09/18 19:47:17 executed programs: 294395, crashes: 0
2017/09/18 19:47:27 executed programs: 297193, crashes: 0
2017/09/18 19:47:37 executed programs: 300093, crashes: 0
2017/09/18 19:47:47 executed programs: 300093, crashes: 0
2017/09/18 19:47:57 executed programs: 302665, crashes: 0
2017/09/18 19:48:07 executed programs: 304941, crashes: 0
2017/09/18 19:48:17 executed programs: 307394, crashes: 0
2017/09/18 19:48:27 executed programs: 310002, crashes: 0
2017/09/18 19:48:37 executed programs: 312821, crashes: 0
2017/09/18 19:48:47 executed programs: 312821, crashes: 0
2017/09/18 19:48:57 executed programs: 315252, crashes: 0
2017/09/18 19:49:07 executed programs: 317829, crashes: 0
2017/09/18 19:49:17 executed programs: 320532, crashes: 0
2017/09/18 19:49:27 executed programs: 323192, crashes: 0
2017/09/18 19:49:37 executed programs: 325993, crashes: 0
2017/09/18 19:49:47 executed programs: 325993, crashes: 0
2017/09/18 19:49:57 executed programs: 328509, crashes: 0
2017/09/18 19:50:07 executed programs: 330964, crashes: 0
2017/09/18 19:50:17 executed programs: 333602, crashes: 0
2017/09/18 19:50:27 executed programs: 336082, crashes: 0
2017/09/18 19:50:37 executed programs: 338678, crashes: 0
2017/09/18 19:50:47 executed programs: 338678, crashes: 0
2017/09/18 19:50:57 executed programs: 341408, crashes: 0
2017/09/18 19:51:07 executed programs: 344324, crashes: 0
2017/09/18 19:51:17 executed programs: 346952, crashes: 0
2017/09/18 19:51:27 executed programs: 349745, crashes: 0
2017/09/18 19:51:37 executed programs: 352323, crashes: 0
2017/09/18 19:51:47 executed programs: 352323, crashes: 0
2017/09/18 19:51:57 executed programs: 354955, crashes: 0
2017/09/18 19:52:07 executed programs: 357551, crashes: 0
2017/09/18 19:52:17 executed programs: 360181, crashes: 0
2017/09/18 19:52:27 executed programs: 362764, crashes: 0
2017/09/18 19:52:37 executed programs: 365577, crashes: 0
2017/09/18 19:52:47 executed programs: 365577, crashes: 0
2017/09/18 19:52:57 executed programs: 368122, crashes: 0
2017/09/18 19:53:07 executed programs: 370680, crashes: 0
2017/09/18 19:53:17 executed programs: 372684, crashes: 0
2017/09/18 19:53:27 executed programs: 375121, crashes: 0
2017/09/18 19:53:37 executed programs: 377745, crashes: 0
2017/09/18 19:53:47 executed programs: 377745, crashes: 0
2017/09/18 19:53:57 executed programs: 380277, crashes: 0
2017/09/18 19:54:07 executed programs: 383117, crashes: 0
2017/09/18 19:54:17 executed programs: 386044, crashes: 0
2017/09/18 19:54:27 executed programs: 388557, crashes: 0
2017/09/18 19:54:37 executed programs: 391318, crashes: 0
2017/09/18 19:54:47 executed programs: 391318, crashes: 0
2017/09/18 19:54:57 executed programs: 394005, crashes: 0
2017/09/18 19:55:07 executed programs: 396701, crashes: 0
2017/09/18 19:55:17 executed programs: 399302, crashes: 0
2017/09/18 19:55:27 executed programs: 402020, crashes: 0
2017/09/18 19:55:37 executed programs: 404664, crashes: 0
2017/09/18 19:55:47 executed programs: 404664, crashes: 0
2017/09/18 19:55:57 executed programs: 407254, crashes: 0
2017/09/18 19:56:07 executed programs: 409872, crashes: 0
2017/09/18 19:56:17 executed programs: 412616, crashes: 0
2017/09/18 19:56:27 executed programs: 415230, crashes: 0
2017/09/18 19:56:37 executed programs: 416547, crashes: 0
2017/09/18 19:56:47 executed programs: 416547, crashes: 0
2017/09/18 19:56:57 executed programs: 416995, crashes: 0
2017/09/18 19:57:07 executed programs: 417399, crashes: 0
2017/09/18 19:57:17 executed programs: 417835, crashes: 0
2017/09/18 19:57:27 executed programs: 419184, crashes: 0
2017/09/18 19:57:37 executed programs: 421761, crashes: 0
2017/09/18 19:57:47 executed programs: 421761, crashes: 0
2017/09/18 19:57:57 executed programs: 424374, crashes: 0
2017/09/18 19:58:07 executed programs: 426704, crashes: 0
2017/09/18 19:58:17 executed programs: 428917, crashes: 0
2017/09/18 19:58:27 executed programs: 431282, crashes: 0
2017/09/18 19:58:37 executed programs: 433625, crashes: 0
2017/09/18 19:58:47 executed programs: 433625, crashes: 0
2017/09/18 19:58:57 executed programs: 436175, crashes: 0
2017/09/18 19:59:07 executed programs: 438956, crashes: 0
2017/09/18 19:59:17 executed programs: 441465, crashes: 0
2017/09/18 19:59:27 executed programs: 443956, crashes: 0
2017/09/18 19:59:37 executed programs: 446502, crashes: 0
2017/09/18 19:59:47 executed programs: 446502, crashes: 0
2017/09/18 19:59:57 executed programs: 449205, crashes: 0
2017/09/18 20:00:07 executed programs: 452020, crashes: 0
2017/09/18 20:00:17 executed programs: 454394, crashes: 0
2017/09/18 20:00:27 executed programs: 456232, crashes: 0
2017/09/18 20:00:37 executed programs: 458827, crashes: 0
2017/09/18 20:00:47 executed programs: 458827, crashes: 0
2017/09/18 20:00:57 executed programs: 461360, crashes: 0
2017/09/18 20:01:07 executed programs: 463279, crashes: 0
2017/09/18 20:01:17 executed programs: 465163, crashes: 0
2017/09/18 20:01:27 executed programs: 467681, crashes: 0
2017/09/18 20:01:37 executed programs: 470053, crashes: 0
2017/09/18 20:01:47 executed programs: 470053, crashes: 0
2017/09/18 20:01:57 executed programs: 472410, crashes: 0
2017/09/18 20:02:07 executed programs: 474610, crashes: 0
2017/09/18 20:02:17 executed programs: 477289, crashes: 0
2017/09/18 20:02:27 executed programs: 479717, crashes: 0
2017/09/18 20:02:37 executed programs: 482227, crashes: 0
2017/09/18 20:02:47 executed programs: 482227, crashes: 0
2017/09/18 20:02:57 executed programs: 484894, crashes: 0
2017/09/18 20:03:07 executed programs: 487660, crashes: 0
2017/09/18 20:03:17 executed programs: 490055, crashes: 0
2017/09/18 20:03:27 executed programs: 492496, crashes: 0
2017/09/18 20:03:37 executed programs: 494762, crashes: 0
2017/09/18 20:03:47 executed programs: 494762, crashes: 0
2017/09/18 20:03:57 executed programs: 497237, crashes: 0
2017/09/18 20:04:07 executed programs: 499806, crashes: 0
2017/09/18 20:04:17 executed programs: 502241, crashes: 0
2017/09/18 20:04:27 executed programs: 504674, crashes: 0
2017/09/18 20:04:37 executed programs: 507017, crashes: 0
2017/09/18 20:04:47 executed programs: 507017, crashes: 0
2017/09/18 20:04:57 executed programs: 509624, crashes: 0
2017/09/18 20:05:07 executed programs: 511742, crashes: 0
2017/09/18 20:05:17 executed programs: 513982, crashes: 0
2017/09/18 20:05:27 executed programs: 516525, crashes: 0
2017/09/18 20:05:37 executed programs: 519009, crashes: 0
2017/09/18 20:05:47 executed programs: 519009, crashes: 0
2017/09/18 20:05:57 executed programs: 521512, crashes: 0
2017/09/18 20:06:07 executed programs: 523975, crashes: 0
2017/09/18 20:06:17 executed programs: 526568, crashes: 0
2017/09/18 20:06:27 executed programs: 529337, crashes: 0
2017/09/18 20:06:37 executed programs: 531854, crashes: 0
2017/09/18 20:06:47 executed programs: 531854, crashes: 0
2017/09/18 20:06:57 executed programs: 534197, crashes: 0
2017/09/18 20:07:07 executed programs: 536719, crashes: 0
2017/09/18 20:07:17 executed programs: 539235, crashes: 0
2017/09/18 20:07:27 executed programs: 541976, crashes: 0
2017/09/18 20:07:37 executed programs: 544345, crashes: 0
2017/09/18 20:07:47 executed programs: 544345, crashes: 0
2017/09/18 20:07:57 executed programs: 546810, crashes: 0
2017/09/18 20:08:07 executed programs: 549393, crashes: 0
2017/09/18 20:08:17 executed programs: 552128, crashes: 0
2017/09/18 20:08:27 executed programs: 554809, crashes: 0
2017/09/18 20:08:37 executed programs: 557536, crashes: 0
2017/09/18 20:08:47 executed programs: 557536, crashes: 0
2017/09/18 20:08:57 executed programs: 559950, crashes: 0
2017/09/18 20:09:07 executed programs: 562550, crashes: 0
2017/09/18 20:09:17 executed programs: 564810, crashes: 0
2017/09/18 20:09:27 executed programs: 567226, crashes: 0
2017/09/18 20:09:37 executed programs: 569696, crashes: 0
2017/09/18 20:09:47 executed programs: 569696, crashes: 0
2017/09/18 20:09:57 executed programs: 572131, crashes: 0
2017/09/18 20:10:07 executed programs: 574369, crashes: 0
2017/09/18 20:10:17 executed programs: 576957, crashes: 0
2017/09/18 20:10:27 executed programs: 579786, crashes: 0
2017/09/18 20:10:37 executed programs: 582297, crashes: 0
2017/09/18 20:10:47 executed programs: 582297, crashes: 0
2017/09/18 20:10:57 executed programs: 584859, crashes: 0
2017/09/18 20:11:07 executed programs: 587440, crashes: 0
2017/09/18 20:11:17 executed programs: 590021, crashes: 0
2017/09/18 20:11:27 executed programs: 591667, crashes: 0
2017/09/18 20:11:37 executed programs: 594081, crashes: 0
2017/09/18 20:11:47 executed programs: 594081, crashes: 0
2017/09/18 20:11:57 executed programs: 596407, crashes: 0
2017/09/18 20:12:07 executed programs: 599170, crashes: 0
2017/09/18 20:12:17 executed programs: 601879, crashes: 0
2017/09/18 20:12:27 executed programs: 604438, crashes: 0
2017/09/18 20:12:37 executed programs: 607098, crashes: 0
2017/09/18 20:12:47 executed programs: 607098, crashes: 0
2017/09/18 20:12:57 executed programs: 609717, crashes: 0
2017/09/18 20:13:07 executed programs: 612092, crashes: 0
2017/09/18 20:13:17 executed programs: 614571, crashes: 0
2017/09/18 20:13:27 executed programs: 617192, crashes: 0
2017/09/18 20:13:37 executed programs: 619656, crashes: 0
2017/09/18 20:13:47 executed programs: 619656, crashes: 0
2017/09/18 20:13:57 executed programs: 621938, crashes: 0
2017/09/18 20:14:07 executed programs: 624324, crashes: 0
2017/09/18 20:14:17 executed programs: 627027, crashes: 0
2017/09/18 20:14:27 executed programs: 629813, crashes: 0
2017/09/18 20:14:37 executed programs: 632486, crashes: 0
2017/09/18 20:14:47 executed programs: 632486, crashes: 0
2017/09/18 20:14:57 executed programs: 634989, crashes: 0
2017/09/18 20:15:07 executed programs: 637531, crashes: 0
2017/09/18 20:15:17 executed programs: 639923, crashes: 0
2017/09/18 20:15:27 executed programs: 642412, crashes: 0
2017/09/18 20:15:37 executed programs: 644931, crashes: 0
2017/09/18 20:15:47 executed programs: 644931, crashes: 0
2017/09/18 20:15:57 executed programs: 647807, crashes: 0
2017/09/18 20:16:07 executed programs: 649649, crashes: 0
2017/09/18 20:16:17 executed programs: 651286, crashes: 0
2017/09/18 20:16:27 executed programs: 653778, crashes: 0
2017/09/18 20:16:37 executed programs: 656328, crashes: 0
2017/09/18 20:16:47 executed programs: 656328, crashes: 0
2017/09/18 20:16:57 executed programs: 658719, crashes: 0
2017/09/18 20:17:07 executed programs: 661232, crashes: 0
2017/09/18 20:17:17 executed programs: 663647, crashes: 0
2017/09/18 20:17:27 executed programs: 666251, crashes: 0
2017/09/18 20:17:37 executed programs: 668933, crashes: 0
2017/09/18 20:17:47 executed programs: 668933, crashes: 0
2017/09/18 20:17:57 executed programs: 671334, crashes: 0
2017/09/18 20:18:07 executed programs: 673951, crashes: 0
2017/09/18 20:18:17 executed programs: 676695, crashes: 0
2017/09/18 20:18:27 executed programs: 679500, crashes: 0
2017/09/18 20:18:37 executed programs: 681793, crashes: 0
2017/09/18 20:18:47 executed programs: 681793, crashes: 0
2017/09/18 20:18:57 executed programs: 684212, crashes: 0
2017/09/18 20:19:07 executed programs: 686723, crashes: 0
2017/09/18 20:19:10 vm-0: running for 1h0m0.003702424s, restarting (timeout)
2017/09/18 20:19:17 executed programs: 686723, crashes: 0
2017/09/18 20:19:27 executed programs: 686723, crashes: 0
2017/09/18 20:19:38 executed programs: 686723, crashes: 0
2017/09/18 20:19:48 executed programs: 686725, crashes: 0
2017/09/18 20:19:58 executed programs: 689471, crashes: 0
2017/09/18 20:20:08 executed programs: 689471, crashes: 0
2017/09/18 20:20:18 executed programs: 692087, crashes: 0
2017/09/18 20:20:28 executed programs: 694576, crashes: 0
2017/09/18 20:20:38 executed programs: 697264, crashes: 0
2017/09/18 20:20:48 executed programs: 700042, crashes: 0
2017/09/18 20:20:58 executed programs: 702796, crashes: 0
2017/09/18 20:21:08 executed programs: 702796, crashes: 0
2017/09/18 20:21:18 executed programs: 705395, crashes: 0
2017/09/18 20:21:28 executed programs: 707957, crashes: 0
2017/09/18 20:21:38 executed programs: 710574, crashes: 0
2017/09/18 20:21:48 executed programs: 712892, crashes: 0
2017/09/18 20:21:58 executed programs: 715241, crashes: 0
2017/09/18 20:22:08 executed programs: 715241, crashes: 0
2017/09/18 20:22:18 executed programs: 717719, crashes: 0
2017/09/18 20:22:28 executed programs: 720205, crashes: 0
2017/09/18 20:22:38 executed programs: 722867, crashes: 0
2017/09/18 20:22:48 executed programs: 725980, crashes: 0
2017/09/18 20:22:58 executed programs: 728383, crashes: 0
2017/09/18 20:23:08 executed programs: 728383, crashes: 0
2017/09/18 20:23:18 executed programs: 730890, crashes: 0
2017/09/18 20:23:28 executed programs: 733523, crashes: 0
2017/09/18 20:23:38 executed programs: 735929, crashes: 0
2017/09/18 20:23:48 executed programs: 738608, crashes: 0
2017/09/18 20:23:58 executed programs: 741079, crashes: 0
2017/09/18 20:24:08 executed programs: 741079, crashes: 0
2017/09/18 20:24:18 executed programs: 743388, crashes: 0
2017/09/18 20:24:28 executed programs: 745730, crashes: 0
2017/09/18 20:24:38 executed programs: 748089, crashes: 0
2017/09/18 20:24:48 executed programs: 750679, crashes: 0
2017/09/18 20:24:58 executed programs: 753425, crashes: 0
2017/09/18 20:25:08 executed programs: 753425, crashes: 0
2017/09/18 20:25:18 executed programs: 755809, crashes: 0
2017/09/18 20:25:28 executed programs: 758266, crashes: 0
2017/09/18 20:25:38 executed programs: 760888, crashes: 0
2017/09/18 20:25:48 executed programs: 763369, crashes: 0
2017/09/18 20:25:58 executed programs: 765750, crashes: 0
2017/09/18 20:26:08 executed programs: 765750, crashes: 0
2017/09/18 20:26:18 executed programs: 768204, crashes: 0
2017/09/18 20:26:28 executed programs: 770688, crashes: 0
2017/09/18 20:26:38 executed programs: 773318, crashes: 0
2017/09/18 20:26:48 executed programs: 776000, crashes: 0
2017/09/18 20:26:58 executed programs: 778566, crashes: 0
2017/09/18 20:27:08 executed programs: 778566, crashes: 0
2017/09/18 20:27:18 executed programs: 781158, crashes: 0
2017/09/18 20:27:28 executed programs: 783667, crashes: 0
2017/09/18 20:27:38 executed programs: 786120, crashes: 0
2017/09/18 20:27:48 executed programs: 788746, crashes: 0
2017/09/18 20:27:58 executed programs: 790959, crashes: 0
2017/09/18 20:28:08 executed programs: 790959, crashes: 0
2017/09/18 20:28:18 executed programs: 793191, crashes: 0
2017/09/18 20:28:28 executed programs: 795481, crashes: 0
2017/09/18 20:28:38 executed programs: 797993, crashes: 0
2017/09/18 20:28:48 executed programs: 800432, crashes: 0
2017/09/18 20:28:58 executed programs: 802841, crashes: 0
2017/09/18 20:29:08 executed programs: 802841, crashes: 0
2017/09/18 20:29:18 executed programs: 805173, crashes: 0
2017/09/18 20:29:28 executed programs: 807693, crashes: 0
2017/09/18 20:29:38 executed programs: 810359, crashes: 0
2017/09/18 20:29:48 executed programs: 812948, crashes: 0
2017/09/18 20:29:58 executed programs: 815591, crashes: 0
2017/09/18 20:30:08 executed programs: 815591, crashes: 0
2017/09/18 20:30:18 executed programs: 817973, crashes: 0
2017/09/18 20:30:28 executed programs: 820397, crashes: 0
2017/09/18 20:30:38 executed programs: 822797, crashes: 0
2017/09/18 20:30:48 executed programs: 825190, crashes: 0
2017/09/18 20:30:58 executed programs: 827608, crashes: 0
2017/09/18 20:31:08 executed programs: 827608, crashes: 0
2017/09/18 20:31:18 executed programs: 830315, crashes: 0
2017/09/18 20:31:28 executed programs: 832808, crashes: 0
2017/09/18 20:31:38 executed programs: 835089, crashes: 0
2017/09/18 20:31:48 executed programs: 837469, crashes: 0
2017/09/18 20:31:58 executed programs: 839822, crashes: 0
2017/09/18 20:32:08 executed programs: 839822, crashes: 0
2017/09/18 20:32:18 executed programs: 842131, crashes: 0
2017/09/18 20:32:28 executed programs: 844595, crashes: 0
2017/09/18 20:32:38 executed programs: 847124, crashes: 0
2017/09/18 20:32:48 executed programs: 849532, crashes: 0
2017/09/18 20:32:58 executed programs: 852054, crashes: 0
2017/09/18 20:33:08 executed programs: 852054, crashes: 0
2017/09/18 20:33:18 executed programs: 855085, crashes: 0
2017/09/18 20:33:28 executed programs: 857529, crashes: 0
2017/09/18 20:33:38 executed programs: 860128, crashes: 0
2017/09/18 20:33:48 executed programs: 862590, crashes: 0
2017/09/18 20:33:58 executed programs: 864947, crashes: 0
2017/09/18 20:34:08 executed programs: 864947, crashes: 0
2017/09/18 20:34:18 executed programs: 867278, crashes: 0
2017/09/18 20:34:28 executed programs: 869586, crashes: 0
2017/09/18 20:34:38 executed programs: 871914, crashes: 0
2017/09/18 20:34:48 executed programs: 874382, crashes: 0
2017/09/18 20:34:58 executed programs: 876708, crashes: 0
2017/09/18 20:35:08 executed programs: 876708, crashes: 0
2017/09/18 20:35:18 executed programs: 879217, crashes: 0
2017/09/18 20:35:28 executed programs: 881832, crashes: 0
2017/09/18 20:35:38 executed programs: 884092, crashes: 0
2017/09/18 20:35:48 executed programs: 886121, crashes: 0
2017/09/18 20:35:58 executed programs: 888441, crashes: 0
2017/09/18 20:36:08 executed programs: 888441, crashes: 0
2017/09/18 20:36:18 executed programs: 891013, crashes: 0
2017/09/18 20:36:28 executed programs: 893315, crashes: 0
2017/09/18 20:36:38 executed programs: 895707, crashes: 0
2017/09/18 20:36:48 executed programs: 898185, crashes: 0
2017/09/18 20:36:58 executed programs: 900597, crashes: 0
2017/09/18 20:37:08 executed programs: 900597, crashes: 0
2017/09/18 20:37:18 executed programs: 902779, crashes: 0
2017/09/18 20:37:28 executed programs: 905280, crashes: 0
2017/09/18 20:37:38 executed programs: 908329, crashes: 0
2017/09/18 20:37:48 executed programs: 910841, crashes: 0
2017/09/18 20:37:58 executed programs: 913247, crashes: 0
2017/09/18 20:38:08 executed programs: 913247, crashes: 0
2017/09/18 20:38:18 executed programs: 915491, crashes: 0
2017/09/18 20:38:28 executed programs: 917807, crashes: 0
2017/09/18 20:38:38 executed programs: 920253, crashes: 0
2017/09/18 20:38:48 executed programs: 922635, crashes: 0
2017/09/18 20:38:58 executed programs: 924968, crashes: 0
2017/09/18 20:39:08 executed programs: 924968, crashes: 0
2017/09/18 20:39:18 executed programs: 927469, crashes: 0
2017/09/18 20:39:28 executed programs: 929994, crashes: 0
2017/09/18 20:39:38 executed programs: 932578, crashes: 0
2017/09/18 20:39:48 executed programs: 935002, crashes: 0
2017/09/18 20:39:58 executed programs: 937331, crashes: 0
2017/09/18 20:40:08 executed programs: 937331, crashes: 0
2017/09/18 20:40:18 executed programs: 939977, crashes: 0
2017/09/18 20:40:28 executed programs: 942541, crashes: 0
2017/09/18 20:40:38 executed programs: 944852, crashes: 0
2017/09/18 20:40:48 executed programs: 947560, crashes: 0
2017/09/18 20:40:58 executed programs: 949943, crashes: 0
2017/09/18 20:41:08 executed programs: 949943, crashes: 0
2017/09/18 20:41:18 executed programs: 952105, crashes: 0
2017/09/18 20:41:28 executed programs: 954682, crashes: 0
2017/09/18 20:41:38 executed programs: 957204, crashes: 0
2017/09/18 20:41:48 executed programs: 959572, crashes: 0
2017/09/18 20:41:58 executed programs: 962141, crashes: 0
2017/09/18 20:42:08 executed programs: 962141, crashes: 0
2017/09/18 20:42:18 executed programs: 964604, crashes: 0
2017/09/18 20:42:28 executed programs: 966876, crashes: 0
2017/09/18 20:42:38 executed programs: 969546, crashes: 0
2017/09/18 20:42:48 executed programs: 972208, crashes: 0
2017/09/18 20:42:58 executed programs: 974843, crashes: 0
2017/09/18 20:43:08 executed programs: 974843, crashes: 0
2017/09/18 20:43:18 executed programs: 977508, crashes: 0
2017/09/18 20:43:28 executed programs: 980266, crashes: 0
2017/09/18 20:43:38 executed programs: 982840, crashes: 0
2017/09/18 20:43:48 executed programs: 985262, crashes: 0
2017/09/18 20:43:58 executed programs: 987436, crashes: 0
2017/09/18 20:44:08 executed programs: 987436, crashes: 0
2017/09/18 20:44:18 executed programs: 989858, crashes: 0
2017/09/18 20:44:28 executed programs: 992426, crashes: 0
2017/09/18 20:44:38 executed programs: 994844, crashes: 0
2017/09/18 20:44:48 executed programs: 997327, crashes: 0
2017/09/18 20:44:58 executed programs: 999873, crashes: 0
2017/09/18 20:45:08 executed programs: 999873, crashes: 0
2017/09/18 20:45:18 executed programs: 1002399, crashes: 0
2017/09/18 20:45:28 executed programs: 1005056, crashes: 0
2017/09/18 20:45:38 executed programs: 1007715, crashes: 0
2017/09/18 20:45:48 executed programs: 1009867, crashes: 0
